[debug] [2022-12-08T08:20:00.607Z] ----------------------------------------------------------------------
[debug] [2022-12-08T08:20:00.609Z] Command:       C:\Program Files\nodejs\node.exe C:\Users\rahul\AppData\Roaming\npm\node_modules\firebase-tools\lib\bin\firebase.js init hosting
[debug] [2022-12-08T08:20:00.610Z] CLI Version:   11.17.0
[debug] [2022-12-08T08:20:00.610Z] Platform:      win32
[debug] [2022-12-08T08:20:00.610Z] Node Version:  v16.18.1
[debug] [2022-12-08T08:20:00.610Z] Time:          Thu Dec 08 2022 13:50:00 GMT+0530 (India Standard Time)
[debug] [2022-12-08T08:20:00.611Z] ----------------------------------------------------------------------
[debug] 
[debug] [2022-12-08T08:20:00.671Z] > command requires scopes: ["email","openid","https://www.googleapis.com/auth/cloudplatformprojects.readonly","https://www.googleapis.com/auth/firebase","https://www.googleapis.com/auth/cloud-platform"]
[debug] [2022-12-08T08:20:00.671Z] > authorizing via signed-in user (rahulcivil777@gmail.com)
[info] 
     ######## #### ########  ######## ########     ###     ######  ########
     ##        ##  ##     ## ##       ##     ##  ##   ##  ##       ##
     ######    ##  ########  ######   ########  #########  ######  ######
     ##        ##  ##    ##  ##       ##     ## ##     ##       ## ##
     ##       #### ##     ## ######## ########  ##     ##  ######  ########

You're about to initialize a Firebase project in this directory:

  C:\Users\rahul\whatsapp-clone12

Before we get started, keep in mind:

  * You are initializing within an existing Firebase project directory

[info] 
=== Project Setup
[info] 
[info] First, let's associate this project directory with a Firebase project.
[info] You can create multiple project aliases by running firebase use --add, 
[info] but for now we'll just set up a default project.
[info] 
[debug] [2022-12-08T08:20:08.547Z] Using project from CLI flag: whatsapp-clone-0303
[debug] [2022-12-08T08:20:08.549Z] > refreshing access token with scopes: []
[debug] [2022-12-08T08:20:08.550Z] >>> [apiv2][query] POST https://www.googleapis.com/oauth2/v3/token [none]
[debug] [2022-12-08T08:20:08.550Z] >>> [apiv2][body] POST https://www.googleapis.com/oauth2/v3/token [omitted]
[debug] [2022-12-08T08:20:10.783Z] <<< [apiv2][status] POST https://www.googleapis.com/oauth2/v3/token 200
[debug] [2022-12-08T08:20:10.784Z] <<< [apiv2][body] POST https://www.googleapis.com/oauth2/v3/token [omitted]
[debug] [2022-12-08T08:20:10.791Z] >>> [apiv2][query] GET https://firebase.googleapis.com/v1beta1/projects/whatsapp-clone-0303 [none]
[debug] [2022-12-08T08:20:12.397Z] <<< [apiv2][status] GET https://firebase.googleapis.com/v1beta1/projects/whatsapp-clone-0303 200
[debug] [2022-12-08T08:20:12.397Z] <<< [apiv2][body] GET https://firebase.googleapis.com/v1beta1/projects/whatsapp-clone-0303 {"projectId":"whatsapp-clone-0303","projectNumber":"719251945204","displayName":"WhatsApp-clone","name":"projects/whatsapp-clone-0303","resources":{"hostingSite":"whatsapp-clone-0303","realtimeDatabaseInstance":"whatsapp-clone-0303-default-rtdb"},"state":"ACTIVE","etag":"1_3dca3313-3d61-4fae-bf67-01c748c7aee1"}
[info] i  Using project whatsapp-clone-0303 (WhatsApp-clone) 
[info] 
=== Hosting Setup
[info] 
[info] Your public directory is the folder (relative to your project directory) that
[info] will contain Hosting assets to be uploaded with firebase deploy. If you
[info] have a build process for your assets, use your build's output directory.
[info] 
